2019-08-25 10:06:53 - conectando a base de dados
2019-08-25 10:06:53 - conectando a base de dados
2019-08-25 10:06:53 - conectando a base de dados
2019-08-25 10:06:54 - conectando a base de dados
2019-08-25 10:06:54 - conectando a base de dados
2019-08-25 10:06:54 - conectando a base de dados
2019-08-25 10:06:54 - conectando a base de dados
2019-08-25 10:06:54 - conectando a base de dados
2019-08-25 10:11:22 - conectando a base de dados
2019-08-25 10:11:23 - conectando a base de dados
2019-08-25 10:11:23 - conectando a base de dados
2019-08-25 10:11:23 - conectando a base de dados
2019-08-25 10:11:23 - conectando a base de dados
2019-08-25 10:11:23 - conectando a base de dados
2019-08-25 10:11:23 - conectando a base de dados
2019-08-25 10:11:23 - conectando a base de dados
2019-08-25 10:20:51 - conectando a base de dados
2019-08-25 10:20:51 - conectando a base de dados
2019-08-25 10:20:51 - conectando a base de dados
2019-08-25 10:20:52 - conectando a base de dados
2019-08-25 10:20:52 - conectando a base de dados
2019-08-25 10:20:52 - conectando a base de dados
2019-08-25 10:20:52 - conectando a base de dados
2019-08-25 10:20:52 - conectando a base de dados
2019-08-25 10:28:17 - conectando a base de dados
2019-08-25 10:28:18 - conectando a base de dados
2019-08-25 10:28:18 - conectando a base de dados
2019-08-25 10:28:18 - conectando a base de dados
2019-08-25 10:28:18 - conectando a base de dados
2019-08-25 10:28:18 - conectando a base de dados
2019-08-25 10:28:18 - conectando a base de dados
2019-08-25 10:28:18 - conectando a base de dados
2019-08-25 10:29:46 - conectando a base de dados
2019-08-25 10:29:46 - conectando a base de dados
2019-08-25 10:31:25 - conectando a base de dados
2019-08-25 10:44:48 - conectando a base de dados
2019-08-25 10:44:49 - conectando a base de dados
2019-08-25 10:44:49 - conectando a base de dados
2019-08-25 10:44:49 - conectando a base de dados
2019-08-25 10:44:49 - conectando a base de dados
2019-08-25 10:44:49 - conectando a base de dados
2019-08-25 10:44:49 - conectando a base de dados
2019-08-25 10:44:49 - conectando a base de dados
2019-08-25 10:46:17 - conectando a base de dados
2019-08-25 10:46:17 - conectando a base de dados
2019-08-25 10:46:17 - conectando a base de dados
2019-08-25 10:46:17 - conectando a base de dados
2019-08-25 10:46:17 - conectando a base de dados
2019-08-25 10:46:17 - conectando a base de dados
2019-08-25 10:46:17 - conectando a base de dados
2019-08-25 10:46:17 - conectando a base de dados
2019-08-25 10:48:01 - Retornando a cidade, rua e o numero
2019-08-25 10:48:01 - Retornando a cidade, rua e o numero
2019-08-25 10:48:01 - Retornando a cidade, rua e o numero
2019-08-25 10:48:01 - Retornando a cidade, rua e o numero
2019-08-25 10:48:01 - Retornando a região e o estado
2019-08-25 10:48:01 - Retornando a região e o estado
2019-08-25 10:48:01 - Retornando a região e o estado
2019-08-25 10:48:01 - Retornando a região e o estado
2019-08-25 10:48:01 - Retornando o endereço completo
2019-08-25 10:48:01 - Retornando o endereço completo
2019-08-25 10:48:01 - Retornando o endereço completo
2019-08-25 10:48:01 - Retornando o endereço completo
2019-08-25 10:48:01 - conectando a base de dados
2019-08-25 10:48:01 - conectando a base de dados
2019-08-25 10:48:01 - conectando a base de dados
2019-08-25 10:48:01 - conectando a base de dados
2019-08-25 10:48:01 - conectando a base de dados
2019-08-25 10:48:01 - conectando a base de dados
2019-08-25 10:48:01 - conectando a base de dados
2019-08-25 10:48:01 - conectando a base de dados
2019-08-25 10:49:12 - Retornando a cidade, rua e o numero
2019-08-25 10:49:12 - Retornando a cidade, rua e o numero
2019-08-25 10:49:12 - Retornando a cidade, rua e o numero
2019-08-25 10:49:12 - Retornando a cidade, rua e o numero
2019-08-25 10:49:12 - Retornando a região e o estado
2019-08-25 10:49:12 - Retornando a região e o estado
2019-08-25 10:49:12 - Retornando a região e o estado
2019-08-25 10:49:12 - Retornando a região e o estado
2019-08-25 10:49:12 - Retornando o endereço completo
2019-08-25 10:49:12 - Retornando o endereço completo
2019-08-25 10:49:12 - Retornando o endereço completo
2019-08-25 10:49:12 - Retornando o endereço completo
2019-08-25 10:49:55 - Retornando a cidade, rua e o numero
2019-08-25 10:49:55 - Retornando a cidade, rua e o numero
2019-08-25 10:49:55 - Retornando a cidade, rua e o numero
2019-08-25 10:49:55 - Retornando a cidade, rua e o numero
2019-08-25 10:49:55 - Retornando a região e o estado
2019-08-25 10:49:55 - Retornando a região e o estado
2019-08-25 10:49:55 - Retornando a região e o estado
2019-08-25 10:49:55 - Retornando a região e o estado
2019-08-25 10:49:55 - Retornando o endereço completo
2019-08-25 10:49:55 - Retornando o endereço completo
2019-08-25 10:49:55 - Retornando o endereço completo
2019-08-25 10:49:55 - Retornando o endereço completo
2019-08-25 10:50:45 - Retornando a cidade, rua e o numero
2019-08-25 10:50:45 - Retornando a cidade, rua e o numero
2019-08-25 10:50:45 - Retornando a cidade, rua e o numero
2019-08-25 10:50:45 - Retornando a cidade, rua e o numero
2019-08-25 10:50:45 - Retornando a região e o estado
2019-08-25 10:50:45 - Retornando a região e o estado
2019-08-25 10:50:45 - Retornando a região e o estado
2019-08-25 10:50:45 - Retornando a região e o estado
2019-08-25 10:50:45 - Retornando o endereço completo
2019-08-25 10:50:45 - Retornando o endereço completo
2019-08-25 10:50:45 - Retornando o endereço completo
2019-08-25 10:50:45 - Retornando o endereço completo
2019-08-25 10:51:01 - Retornando a cidade, rua e o numero
2019-08-25 10:51:01 - Retornando a cidade, rua e o numero
2019-08-25 10:51:01 - Retornando a cidade, rua e o numero
2019-08-25 10:51:01 - Retornando a cidade, rua e o numero
2019-08-25 10:51:01 - Retornando a região e o estado
2019-08-25 10:51:01 - Retornando a região e o estado
2019-08-25 10:51:01 - Retornando a região e o estado
2019-08-25 10:51:01 - Retornando a região e o estado
2019-08-25 10:51:01 - Retornando o endereço completo
2019-08-25 10:51:01 - Retornando o endereço completo
2019-08-25 10:51:01 - Retornando o endereço completo
2019-08-25 10:51:01 - Retornando o endereço completo
2019-08-25 10:51:01 - conectando à base de dados
2019-08-25 10:51:02 - conectando à base de dados
2019-08-25 10:51:02 - conectando à base de dados
2019-08-25 10:51:02 - conectando à base de dados
2019-08-25 10:51:02 - conectando à base de dados
2019-08-25 10:51:02 - conectando à base de dados
2019-08-25 10:51:02 - conectando à base de dados
2019-08-25 10:51:02 - conectando à base de dados
2019-08-25 10:52:06 - conectando à base de dados
2019-08-25 10:52:07 - conectando à base de dados
2019-08-25 10:59:37 - Retornando a cidade, rua e o numero
2019-08-25 10:59:37 - Retornando a cidade, rua e o numero
2019-08-25 10:59:37 - Retornando a cidade, rua e o numero
2019-08-25 10:59:37 - Retornando a cidade, rua e o numero
2019-08-25 10:59:37 - Retornando a região e o estado
2019-08-25 10:59:37 - Retornando a região e o estado
2019-08-25 10:59:37 - Retornando a região e o estado
2019-08-25 10:59:37 - Retornando a região e o estado
2019-08-25 10:59:37 - Retornando o endereço completo
2019-08-25 10:59:37 - Retornando o endereço completo
2019-08-25 10:59:37 - Retornando o endereço completo
2019-08-25 10:59:37 - Retornando o endereço completo
2019-08-25 10:59:37 - conectando à base de dados
2019-08-25 10:59:38 - conectando à base de dados
2019-08-25 10:59:38 - conectando à base de dados
2019-08-25 10:59:38 - conectando à base de dados
2019-08-25 10:59:38 - conectando à base de dados
2019-08-25 10:59:38 - conectando à base de dados
2019-08-25 10:59:38 - conectando à base de dados
2019-08-25 10:59:38 - conectando à base de dados
2019-08-25 11:00:28 - Retornando a cidade, rua e o numero
2019-08-25 11:00:28 - Retornando a cidade, rua e o numero
2019-08-25 11:00:28 - Retornando a cidade, rua e o numero
2019-08-25 11:00:28 - Retornando a cidade, rua e o numero
2019-08-25 11:00:28 - Retornando a região e o estado
2019-08-25 11:00:28 - Retornando a região e o estado
2019-08-25 11:00:28 - Retornando a região e o estado
2019-08-25 11:00:28 - Retornando a região e o estado
2019-08-25 11:00:28 - Retornando o endereço completo
2019-08-25 11:00:28 - Retornando o endereço completo
2019-08-25 11:00:28 - Retornando o endereço completo
2019-08-25 11:00:28 - Retornando o endereço completo
2019-08-25 11:00:28 - conectando à base de dados
2019-08-25 11:00:29 - conectando à base de dados
2019-08-25 11:00:29 - conectando à base de dados
2019-08-25 11:00:29 - conectando à base de dados
2019-08-25 11:00:29 - conectando à base de dados
2019-08-25 11:00:29 - conectando à base de dados
2019-08-25 11:00:29 - conectando à base de dados
2019-08-25 11:00:29 - conectando à base de dados
2019-08-25 11:13:00 - Retornando a cidade, rua e o numero
2019-08-25 11:13:00 - Retornando a cidade, rua e o numero
2019-08-25 11:13:00 - Retornando a cidade, rua e o numero
2019-08-25 11:13:00 - Retornando a cidade, rua e o numero
2019-08-25 11:13:00 - Retornando a região e o estado
2019-08-25 11:13:00 - Retornando a região e o estado
2019-08-25 11:13:00 - Retornando a região e o estado
2019-08-25 11:13:00 - Retornando a região e o estado
2019-08-25 11:13:00 - Retornando o endereço completo
2019-08-25 11:13:00 - Retornando o endereço completo
2019-08-25 11:13:00 - Retornando o endereço completo
2019-08-25 11:13:00 - Retornando o endereço completo
2019-08-25 11:13:00 - conectando à base de dados
2019-08-25 11:13:00 - conectando à base de dados
2019-08-25 11:13:00 - conectando à base de dados
2019-08-25 11:13:01 - conectando à base de dados
2019-08-25 11:13:01 - conectando à base de dados
2019-08-25 11:13:01 - conectando à base de dados
2019-08-25 11:13:01 - conectando à base de dados
2019-08-25 11:13:01 - conectando à base de dados
2019-08-25 11:24:07 - Retornando o id da franquia
2019-08-25 11:27:38 - Retornando o id da franquia
2019-08-25 11:27:38 - Retornando o nome do usuário
2019-08-25 11:27:38 - Retornando a senha do usuário
2019-08-25 11:27:38 - Usuário
2019-08-25 11:27:38 - Verificando se o usuário é Adm
2019-08-25 11:28:54 - Retornando a cidade, rua e o numero
2019-08-25 11:28:54 - Retornando a cidade, rua e o numero
2019-08-25 11:28:54 - Retornando a cidade, rua e o numero
2019-08-25 11:28:54 - Retornando a cidade, rua e o numero
2019-08-25 11:28:54 - Retornando a região e o estado
2019-08-25 11:28:54 - Retornando a região e o estado
2019-08-25 11:28:54 - Retornando a região e o estado
2019-08-25 11:28:54 - Retornando a região e o estado
2019-08-25 11:28:54 - Retornando o endereço completo
2019-08-25 11:28:54 - Retornando o endereço completo
2019-08-25 11:28:54 - Retornando o endereço completo
2019-08-25 11:28:54 - Retornando o endereço completo
2019-08-25 11:28:54 - Retornando o id da franquia
2019-08-25 11:28:54 - Retornando o nome do usuário
2019-08-25 11:28:54 - Retornando a senha do usuário
2019-08-25 11:28:54 - Usuário
2019-08-25 11:28:54 - Verificando se o usuário é Adm
2019-08-25 11:28:54 - conectando à base de dados
2019-08-25 11:28:55 - conectando à base de dados
2019-08-25 11:28:55 - conectando à base de dados
2019-08-25 11:28:55 - conectando à base de dados
2019-08-25 11:28:55 - conectando à base de dados
2019-08-25 11:28:55 - conectando à base de dados
2019-08-25 11:28:55 - conectando à base de dados
2019-08-25 11:29:35 - Retornando o id da franquia
2019-08-25 11:29:35 - Retornando o nome do usuário
2019-08-25 11:29:35 - Retornando a senha do usuário
2019-08-25 11:29:35 - Usuário
2019-08-25 11:29:35 - Verificando se o usuário é Adm
2019-08-25 11:30:01 - Retornando a cidade, rua e o numero
2019-08-25 11:30:01 - Retornando a cidade, rua e o numero
2019-08-25 11:30:01 - Retornando a cidade, rua e o numero
2019-08-25 11:30:01 - Retornando a cidade, rua e o numero
2019-08-25 11:30:01 - Retornando a região e o estado
2019-08-25 11:30:01 - Retornando a região e o estado
2019-08-25 11:30:01 - Retornando a região e o estado
2019-08-25 11:30:01 - Retornando a região e o estado
2019-08-25 11:30:01 - Retornando o endereço completo
2019-08-25 11:30:01 - Retornando o endereço completo
2019-08-25 11:30:01 - Retornando o endereço completo
2019-08-25 11:30:01 - Retornando o endereço completo
2019-08-25 11:30:01 - Retornando o id da franquia
2019-08-25 11:30:01 - Retornando o nome do usuário
2019-08-25 11:30:01 - Retornando a senha do usuário
2019-08-25 11:30:01 - Usuário
2019-08-25 11:30:01 - Verificando se o usuário é Adm
2019-08-25 11:30:01 - conectando à base de dados
2019-08-25 11:30:02 - conectando à base de dados
2019-08-25 11:30:02 - conectando à base de dados
2019-08-25 11:30:02 - conectando à base de dados
2019-08-25 11:30:02 - conectando à base de dados
2019-08-25 11:30:02 - conectando à base de dados
2019-08-25 11:30:02 - conectando à base de dados
2019-08-25 11:31:38 - Retornando a cidade, rua e o numero
2019-08-25 11:31:38 - Retornando a cidade, rua e o numero
2019-08-25 11:31:38 - Retornando a cidade, rua e o numero
2019-08-25 11:31:38 - Retornando a cidade, rua e o numero
2019-08-25 11:31:38 - Retornando a região e o estado
2019-08-25 11:31:38 - Retornando a região e o estado
2019-08-25 11:31:38 - Retornando a região e o estado
2019-08-25 11:31:38 - Retornando a região e o estado
2019-08-25 11:31:38 - Retornando o endereço completo
2019-08-25 11:31:38 - Retornando o endereço completo
2019-08-25 11:31:38 - Retornando o endereço completo
2019-08-25 11:31:38 - Retornando o endereço completo
2019-08-25 11:31:38 - Retornando o id da franquia
2019-08-25 11:31:38 - Retornando o nome do usuário
2019-08-25 11:31:38 - Retornando a senha do usuário
2019-08-25 11:31:38 - Login do Usuário
2019-08-25 11:31:38 - Verificando se o usuário é Adm
2019-08-25 11:31:38 - conectando à base de dados
2019-08-25 11:31:39 - conectando à base de dados
2019-08-25 11:31:39 - conectando à base de dados
2019-08-25 11:31:39 - conectando à base de dados
2019-08-25 11:31:39 - conectando à base de dados
2019-08-25 11:31:39 - conectando à base de dados
2019-08-25 11:31:39 - conectando à base de dados
2019-08-25 11:32:28 - Retornando a cidade, rua e o numero
2019-08-25 11:32:28 - Retornando a cidade, rua e o numero
2019-08-25 11:32:28 - Retornando a cidade, rua e o numero
2019-08-25 11:32:28 - Retornando a cidade, rua e o numero
2019-08-25 11:32:28 - Retornando a região e o estado
2019-08-25 11:32:28 - Retornando a região e o estado
2019-08-25 11:32:28 - Retornando a região e o estado
2019-08-25 11:32:28 - Retornando a região e o estado
2019-08-25 11:32:28 - Retornando o endereço completo
2019-08-25 11:32:28 - Retornando o endereço completo
2019-08-25 11:32:28 - Retornando o endereço completo
2019-08-25 11:32:28 - Retornando o endereço completo
2019-08-25 11:32:28 - Retornando o id da franquia
2019-08-25 11:32:28 - Retornando o nome do usuário
2019-08-25 11:32:28 - Retornando a senha do usuário senha
2019-08-25 11:32:28 - Login do Usuário
2019-08-25 11:32:28 - Verificando se o usuário é Adm
2019-08-25 11:32:28 - conectando à base de dados
2019-08-25 11:32:28 - conectando à base de dados
2019-08-25 11:32:29 - conectando à base de dados
2019-08-25 11:32:29 - conectando à base de dados
2019-08-25 11:32:29 - conectando à base de dados
2019-08-25 11:32:29 - conectando à base de dados
2019-08-25 11:32:29 - conectando à base de dados
2019-08-25 11:33:49 - Retornando a cidade, rua e o numero
2019-08-25 11:33:49 - Retornando a cidade, rua e o numero
2019-08-25 11:33:49 - Retornando a cidade, rua e o numero
2019-08-25 11:33:49 - Retornando a cidade, rua e o numero
2019-08-25 11:33:49 - Retornando a região e o estado
2019-08-25 11:33:49 - Retornando a região e o estado
2019-08-25 11:33:49 - Retornando a região e o estado
2019-08-25 11:33:49 - Retornando a região e o estado
2019-08-25 11:33:49 - Retornando o endereço completo
2019-08-25 11:33:49 - Retornando o endereço completo
2019-08-25 11:33:49 - Retornando o endereço completo
2019-08-25 11:33:49 - Retornando o endereço completo
2019-08-25 11:33:49 - Retornando o id da franquia: 25
2019-08-25 11:33:49 - Retornando o nome do usuário: gilberto
2019-08-25 11:33:49 - Retornando a senha do usuário: senha
2019-08-25 11:33:49 - Login do Usuário: usuario
2019-08-25 11:33:49 - Verificando se o usuário é Adm
2019-08-25 11:33:49 - conectando à base de dados
2019-08-25 11:33:49 - conectando à base de dados
2019-08-25 11:33:49 - conectando à base de dados
2019-08-25 11:33:49 - conectando à base de dados
2019-08-25 11:33:49 - conectando à base de dados
2019-08-25 11:33:49 - conectando à base de dados
2019-08-25 11:33:49 - conectando à base de dados
2019-08-25 11:34:39 - Retornando a cidade, rua e o numero
2019-08-25 11:34:39 - Retornando a cidade, rua e o numero
2019-08-25 11:34:39 - Retornando a cidade, rua e o numero
2019-08-25 11:34:39 - Retornando a cidade, rua e o numero
2019-08-25 11:34:39 - Retornando a região e o estado
2019-08-25 11:34:39 - Retornando a região e o estado
2019-08-25 11:34:39 - Retornando a região e o estado
2019-08-25 11:34:39 - Retornando a região e o estado
2019-08-25 11:34:39 - Retornando o endereço completo
2019-08-25 11:34:39 - Retornando o endereço completo
2019-08-25 11:34:39 - Retornando o endereço completo
2019-08-25 11:34:39 - Retornando o endereço completo
2019-08-25 11:34:39 - Retornando o id da franquia: 25
2019-08-25 11:34:39 - Retornando o nome do usuário: gilberto
2019-08-25 11:34:39 - Retornando a senha do usuário: senha
2019-08-25 11:34:39 - Login do Usuário: usuario
2019-08-25 11:34:39 - Verificando se o usuário é Adm: true
2019-08-25 11:34:39 - conectando à base de dados
2019-08-25 11:34:40 - conectando à base de dados
2019-08-25 11:34:40 - conectando à base de dados
2019-08-25 11:34:40 - conectando à base de dados
2019-08-25 11:34:40 - conectando à base de dados
2019-08-25 11:34:40 - conectando à base de dados
2019-08-25 11:34:40 - conectando à base de dados
2019-08-25 11:37:02 - Retornando a cidade, rua e o numero
2019-08-25 11:37:02 - Retornando a cidade, rua e o numero
2019-08-25 11:37:02 - Retornando a cidade, rua e o numero
2019-08-25 11:37:02 - Retornando a cidade, rua e o numero
2019-08-25 11:37:02 - Retornando a região e o estado
2019-08-25 11:37:02 - Retornando a região e o estado
2019-08-25 11:37:02 - Retornando a região e o estado
2019-08-25 11:37:02 - Retornando a região e o estado
2019-08-25 11:37:02 - Retornando o endereço completo
2019-08-25 11:37:02 - Retornando o endereço completo
2019-08-25 11:37:02 - Retornando o endereço completo
2019-08-25 11:37:02 - Retornando o endereço completo
2019-08-25 11:37:02 - Retornando o id da franquia: 25
2019-08-25 11:37:02 - Retornando o nome do usuário: gilberto
2019-08-25 11:37:02 - Retornando a senha do usuário: senha
2019-08-25 11:37:02 - Login do Usuário: usuario
2019-08-25 11:37:02 - Verificando se o usuário é Adm: true
2019-08-25 11:37:02 - conectando à base de dados
2019-08-25 11:37:03 - conectando à base de dados
2019-08-25 11:37:03 - conectando à base de dados
2019-08-25 11:37:03 - conectando à base de dados
2019-08-25 11:37:03 - conectando à base de dados
2019-08-25 11:37:03 - conectando à base de dados
2019-08-25 11:37:03 - conectando à base de dados
2019-08-25 11:37:18 - Retornando a cidade, rua e o numero
2019-08-25 11:37:18 - Retornando a cidade, rua e o numero
2019-08-25 11:37:18 - Retornando a cidade, rua e o numero
2019-08-25 11:37:18 - Retornando a cidade, rua e o numero
2019-08-25 11:37:18 - Retornando a região e o estado
2019-08-25 11:37:18 - Retornando a região e o estado
2019-08-25 11:37:18 - Retornando a região e o estado
2019-08-25 11:37:18 - Retornando a região e o estado
2019-08-25 11:37:18 - Retornando o endereço completo: regiao estado cidade rua 5.0 
2019-08-25 11:37:18 - Retornando o endereço completo: regiao estado cidade rua 5.0 
2019-08-25 11:37:18 - Retornando o endereço completo: regiao 2 estado 2 cidade 2 rua 2 10.0 
2019-08-25 11:37:18 - Retornando o endereço completo: regiao 2 estado 2 cidade 2 rua 2 10.0 
2019-08-25 11:37:18 - Retornando o id da franquia: 25
2019-08-25 11:37:18 - Retornando o nome do usuário: gilberto
2019-08-25 11:37:18 - Retornando a senha do usuário: senha
2019-08-25 11:37:18 - Login do Usuário: usuario
2019-08-25 11:37:18 - Verificando se o usuário é Adm: true
2019-08-25 11:37:18 - conectando à base de dados
2019-08-25 11:37:19 - conectando à base de dados
2019-08-25 11:37:19 - conectando à base de dados
2019-08-25 11:37:19 - conectando à base de dados
2019-08-25 11:37:19 - conectando à base de dados
2019-08-25 11:37:19 - conectando à base de dados
2019-08-25 11:37:19 - conectando à base de dados
2019-08-25 11:38:25 - Retornando a cidade, rua e o numero: cidade rua 5.0
2019-08-25 11:38:25 - Retornando a cidade, rua e o numero: cidade rua 5.0
2019-08-25 11:38:25 - Retornando a cidade, rua e o numero: cidade 2 rua 2 10.0
2019-08-25 11:38:25 - Retornando a cidade, rua e o numero: cidade 2 rua 2 10.0
2019-08-25 11:38:25 - Retornando a região e o estado: regiao estado
2019-08-25 11:38:25 - Retornando a região e o estado: regiao estado
2019-08-25 11:38:25 - Retornando a região e o estado: regiao 2 estado 2
2019-08-25 11:38:25 - Retornando a região e o estado: regiao 2 estado 2
2019-08-25 11:38:25 - Retornando o endereço completo: regiao estado cidade rua 5.0 
2019-08-25 11:38:25 - Retornando o endereço completo: regiao estado cidade rua 5.0 
2019-08-25 11:38:25 - Retornando o endereço completo: regiao 2 estado 2 cidade 2 rua 2 10.0 
2019-08-25 11:38:25 - Retornando o endereço completo: regiao 2 estado 2 cidade 2 rua 2 10.0 
2019-08-25 11:38:25 - Retornando o id da franquia: 25
2019-08-25 11:38:25 - Retornando o nome do usuário: gilberto
2019-08-25 11:38:25 - Retornando a senha do usuário: senha
2019-08-25 11:38:25 - Login do Usuário: usuario
2019-08-25 11:38:25 - Verificando se o usuário é Adm: true
2019-08-25 11:38:25 - conectando à base de dados
2019-08-25 11:38:26 - conectando à base de dados
2019-08-25 11:38:26 - conectando à base de dados
2019-08-25 11:38:26 - conectando à base de dados
2019-08-25 11:38:26 - conectando à base de dados
2019-08-25 11:38:26 - conectando à base de dados
2019-08-25 11:38:26 - conectando à base de dados
2019-08-25 11:44:20 - Retornando a cidade, rua e o numero: cidade rua 5.0
2019-08-25 11:44:20 - Retornando a cidade, rua e o numero: cidade rua 5.0
2019-08-25 11:44:20 - Retornando a cidade, rua e o numero: cidade 2 rua 2 10.0
2019-08-25 11:44:20 - Retornando a cidade, rua e o numero: cidade 2 rua 2 10.0
2019-08-25 11:44:20 - Retornando a região e o estado: regiao estado
2019-08-25 11:44:20 - Retornando a região e o estado: regiao estado
2019-08-25 11:44:20 - Retornando a região e o estado: regiao 2 estado 2
2019-08-25 11:44:20 - Retornando a região e o estado: regiao 2 estado 2
2019-08-25 11:44:20 - Retornando o endereço completo: regiao estado cidade rua 5.0 
2019-08-25 11:44:20 - Retornando o endereço completo: regiao estado cidade rua 5.0 
2019-08-25 11:44:20 - Retornando o endereço completo: regiao 2 estado 2 cidade 2 rua 2 10.0 
2019-08-25 11:44:20 - Retornando o endereço completo: regiao 2 estado 2 cidade 2 rua 2 10.0 
2019-08-25 11:44:20 - Retornando o id da franquia: 25
2019-08-25 11:44:20 - Retornando o nome do usuário: gilberto
2019-08-25 11:44:20 - Retornando a senha do usuário: senha
2019-08-25 11:44:20 - Login do Usuário: usuario
2019-08-25 11:44:20 - Verificando se o usuário é Adm: true
2019-08-25 11:44:20 - conectando à base de dados
2019-08-25 11:44:20 - conectando à base de dados
2019-08-25 11:44:20 - conectando à base de dados
2019-08-25 11:44:20 - conectando à base de dados
2019-08-25 11:44:20 - conectando à base de dados
2019-08-25 11:44:20 - conectando à base de dados
2019-08-25 11:44:20 - conectando à base de dados
2019-08-25 11:44:39 - Retornando a cidade, rua e o numero: cidade rua 5.0
2019-08-25 11:44:39 - Retornando a cidade, rua e o numero: cidade rua 5.0
2019-08-25 11:44:39 - Retornando a cidade, rua e o numero: cidade 2 rua 2 10.0
2019-08-25 11:44:39 - Retornando a cidade, rua e o numero: cidade 2 rua 2 10.0
2019-08-25 11:44:39 - Retornando a região e o estado: regiao estado
2019-08-25 11:44:39 - Retornando a região e o estado: regiao estado
2019-08-25 11:44:39 - Retornando a região e o estado: regiao 2 estado 2
2019-08-25 11:44:39 - Retornando a região e o estado: regiao 2 estado 2
2019-08-25 11:44:39 - Retornando o endereço completo: regiao estado cidade rua 5.0 
2019-08-25 11:44:39 - Retornando o endereço completo: regiao estado cidade rua 5.0 
2019-08-25 11:44:39 - Retornando o endereço completo: regiao 2 estado 2 cidade 2 rua 2 10.0 
2019-08-25 11:44:39 - Retornando o endereço completo: regiao 2 estado 2 cidade 2 rua 2 10.0 
2019-08-25 11:44:39 - Retornando o id da franquia: 25
2019-08-25 11:44:39 - Retornando o nome do usuário: gilberto
2019-08-25 11:44:39 - Retornando a senha do usuário: senha
2019-08-25 11:44:39 - Login do Usuário: usuario
2019-08-25 11:44:39 - Verificando se o usuário é Adm: true
2019-08-25 11:44:39 - conectando à base de dados
2019-08-25 11:44:39 - conectando à base de dados
2019-08-25 11:44:39 - conectando à base de dados
2019-08-25 11:44:39 - conectando à base de dados
2019-08-25 11:44:39 - conectando à base de dados
2019-08-25 11:44:39 - conectando à base de dados
2019-08-25 11:44:39 - conectando à base de dados
